<?xml version="1.0" encoding="UTF-8"?>
<!-- Generated by org.testng.reporters.JUnitReportReporter -->
<testsuite hostname="DESKTOP-MCCURFJ" failures="0" tests="1" name="driverFactory.DriverScript" time="31.139" errors="0" timestamp="4 Mar 2023 12:20:01 GMT">
  <testcase classname="driverFactory.DriverScript" name="startTest" time="31.139"/>
</testsuite> <!-- driverFactory.DriverScript -->
